0 verbose cli /usr/local/bin/node /usr/local/bin/npm
1 info using npm@8.9.0
2 info using node@v16.15.0
3 timing npm:load:whichnode Completed in 1ms
4 timing config:load:defaults Completed in 1ms
5 timing config:load:file:/usr/local/lib/node_modules/npm/npmrc Completed in 10ms
6 timing config:load:builtin Completed in 10ms
7 timing config:load:cli Completed in 2ms
8 timing config:load:env Completed in 0ms
9 timing config:load:project Completed in 4ms
10 timing config:load:file:/home/container/.npmrc Completed in 0ms
11 timing config:load:user Completed in 0ms
12 timing config:load:file:/usr/local/etc/npmrc Completed in 0ms
13 timing config:load:global Completed in 0ms
14 timing config:load:validate Completed in 1ms
15 timing config:load:credentials Completed in 0ms
16 timing config:load:setEnvs Completed in 1ms
17 timing config:load Completed in 19ms
18 timing npm:load:configload Completed in 19ms
19 timing npm:load:mkdirpcache Completed in 0ms
20 timing npm:load:mkdirplogs Completed in 1ms
21 verbose title npm i python
22 verbose argv "i" "--global" "python"
23 timing npm:load:setTitle Completed in 0ms
24 timing config:load:flatten Completed in 1ms
25 timing npm:load:display Completed in 3ms
26 verbose logfile logs-max:10 dir:/home/container/.npm/_logs
27 verbose logfile /home/container/.npm/_logs/2022-05-10T02_48_21_414Z-debug-0.log
28 timing npm:load:logFile Completed in 2ms
29 timing npm:load:timers Completed in 0ms
30 timing npm:load:configScope Completed in 0ms
31 timing npm:load Completed in 27ms
32 timing arborist:ctor Completed in 1ms
33 silly logfile done cleaning log files
34 timing idealTree:init Completed in 3ms
35 timing idealTree:userRequests Completed in 1ms
36 silly idealTree buildDeps
37 silly fetch manifest python@*
38 http fetch GET 200 https://registry.npmjs.org/npm 77ms (cache miss)
39 http fetch GET 200 https://registry.npmjs.org/python 265ms (cache miss)
40 silly placeDep ROOT python@0.0.4 OK for:  want: *
41 timing idealTree:#root Completed in 271ms
42 timing idealTree:node_modules/python Completed in 0ms
43 timing idealTree:buildDeps Completed in 272ms
44 timing idealTree:fixDepFlags Completed in 0ms
45 timing idealTree Completed in 277ms
46 timing reify:loadTrees Completed in 278ms
47 timing reify:diffTrees Completed in 1ms
48 silly reify moves {}
49 timing reify:retireShallow Completed in 1ms
50 timing reify:rollback:createSparse Completed in 0ms
51 timing reify:rollback:retireShallow Completed in 0ms
52 timing command:i Completed in 301ms
53 verbose stack Error: EROFS: read-only file system, mkdir '/usr/local/lib/node_modules/python'
54 verbose cwd /home/container
55 verbose Linux 5.13.0-1022-azure
56 verbose node v16.15.0
57 verbose npm  v8.9.0
58 error code EROFS
59 error syscall mkdir
60 error path /usr/local/lib/node_modules/python
61 error errno -30
62 error rofs EROFS: read-only file system, mkdir '/usr/local/lib/node_modules/python'
63 error rofs Often virtualized file systems, or other file systems
63 error rofs that don't support symlinks, give this error.
64 verbose exit -30
65 timing npm Completed in 364ms
66 verbose unfinished npm timer reify 1652150901476
67 verbose unfinished npm timer reify:createSparse 1652150901774
68 verbose code -30
69 error A complete log of this run can be found in:
69 error     /home/container/.npm/_logs/2022-05-10T02_48_21_414Z-debug-0.log
